<?xml version="1.0" encoding="UTF-8"?>
<testng-results skipped="0" failed="0" ignored="0" total="1" passed="1">
  <reporter-output>
    <line>
      <![CDATA[createcustomer]]>
    </line>
  </reporter-output>
  <suite name="Suite" duration-ms="158" started-at="2020-07-28T11:55:01Z" finished-at="2020-07-28T11:55:01Z">
    <groups>
    </groups>
    <test name="Test" duration-ms="158" started-at="2020-07-28T11:55:01Z" finished-at="2020-07-28T11:55:01Z">
      <class name="com.elf.testscripts.CreateCustomer">
        <test-method status="PASS" signature="testCreateCustomer()[pri:0, instance:com.elf.testscripts.CreateCustomer@5c7fa833]" name="testCreateCustomer" duration-ms="51" started-at="2020-07-28T17:25:01Z" finished-at="2020-07-28T17:25:01Z">
          <reporter-output>
            <line>
              <![CDATA[createcustomer]]>
            </line>
          </reporter-output>
        </test-method> <!-- testCreateCustomer -->
      </class> <!-- com.elf.testscripts.CreateCustomer -->
    </test> <!-- Test -->
  </suite> <!-- Suite -->
</testng-results>
